{"/home/beast/source/repos/de-form/src/App.tsx": {"path":"/home/beast/source/repos/de-form/src/App.tsx","statementMap":{"0":{"start":{"line":8,"column":2},"end":{"line":18,"column":4}}},"fnMap":{"0":{"name":"App","decl":{"start":{"line":7,"column":9},"end":{"line":7,"column":12}},"loc":{"start":{"line":7,"column":15},"end":{"line":19,"column":1}},"line":7}},"branchMap":{},"s":{"0":0},"f":{"0":0},"b":{},"hash":"fb54f176526e81c4020fc32482ad2ad5e99ba19c"}
,"/home/beast/source/repos/de-form/src/index.tsx": {"path":"/home/beast/source/repos/de-form/src/index.tsx","statementMap":{"0":{"start":{"line":7,"column":0},"end":{"line":12,"column":2}},"1":{"start":{"line":17,"column":0},"end":{"line":17,"column":27}}},"fnMap":{},"branchMap":{},"s":{"0":0,"1":0},"f":{},"b":{},"hash":"d9451901f60a561ad7bf265d578aa3fc3c162576"}
,"/home/beast/source/repos/de-form/src/serviceWorker.ts": {"path":"/home/beast/source/repos/de-form/src/serviceWorker.ts","statementMap":{"0":{"start":{"line":13,"column":20},"end":{"line":21,"column":1}},"1":{"start":{"line":29,"column":2},"end":{"line":62,"column":3}},"2":{"start":{"line":31,"column":22},"end":{"line":34,"column":5}},"3":{"start":{"line":35,"column":4},"end":{"line":40,"column":5}},"4":{"start":{"line":39,"column":6},"end":{"line":39,"column":13}},"5":{"start":{"line":42,"column":4},"end":{"line":61,"column":7}},"6":{"start":{"line":43,"column":20},"end":{"line":43,"column":65}},"7":{"start":{"line":45,"column":6},"end":{"line":60,"column":7}},"8":{"start":{"line":47,"column":8},"end":{"line":47,"column":47}},"9":{"start":{"line":51,"column":8},"end":{"line":56,"column":11}},"10":{"start":{"line":52,"column":10},"end":{"line":55,"column":12}},"11":{"start":{"line":59,"column":8},"end":{"line":59,"column":39}},"12":{"start":{"line":66,"column":2},"end":{"line":106,"column":7}},"13":{"start":{"line":69,"column":6},"end":{"line":102,"column":8}},"14":{"start":{"line":70,"column":33},"end":{"line":70,"column":56}},"15":{"start":{"line":71,"column":8},"end":{"line":73,"column":9}},"16":{"start":{"line":72,"column":10},"end":{"line":72,"column":17}},"17":{"start":{"line":74,"column":8},"end":{"line":101,"column":10}},"18":{"start":{"line":75,"column":10},"end":{"line":100,"column":11}},"19":{"start":{"line":76,"column":12},"end":{"line":99,"column":13}},"20":{"start":{"line":80,"column":14},"end":{"line":83,"column":16}},"21":{"start":{"line":86,"column":14},"end":{"line":88,"column":15}},"22":{"start":{"line":87,"column":16},"end":{"line":87,"column":46}},"23":{"start":{"line":93,"column":14},"end":{"line":93,"column":64}},"24":{"start":{"line":96,"column":14},"end":{"line":98,"column":15}},"25":{"start":{"line":97,"column":16},"end":{"line":97,"column":47}},"26":{"start":{"line":105,"column":6},"end":{"line":105,"column":72}},"27":{"start":{"line":111,"column":2},"end":{"line":136,"column":7}},"28":{"start":{"line":116,"column":26},"end":{"line":116,"column":62}},"29":{"start":{"line":117,"column":6},"end":{"line":130,"column":7}},"30":{"start":{"line":122,"column":8},"end":{"line":126,"column":11}},"31":{"start":{"line":123,"column":10},"end":{"line":125,"column":13}},"32":{"start":{"line":124,"column":12},"end":{"line":124,"column":37}},"33":{"start":{"line":129,"column":8},"end":{"line":129,"column":39}},"34":{"start":{"line":133,"column":6},"end":{"line":135,"column":8}},"35":{"start":{"line":140,"column":2},"end":{"line":148,"column":3}},"36":{"start":{"line":141,"column":4},"end":{"line":147,"column":9}},"37":{"start":{"line":143,"column":8},"end":{"line":143,"column":34}},"38":{"start":{"line":146,"column":8},"end":{"line":146,"column":37}}},"fnMap":{"0":{"name":"register","decl":{"start":{"line":28,"column":16},"end":{"line":28,"column":24}},"loc":{"start":{"line":28,"column":42},"end":{"line":63,"column":1}},"line":28},"1":{"name":"(anonymous_1)","decl":{"start":{"line":42,"column":36},"end":{"line":42,"column":37}},"loc":{"start":{"line":42,"column":42},"end":{"line":61,"column":5}},"line":42},"2":{"name":"(anonymous_2)","decl":{"start":{"line":51,"column":43},"end":{"line":51,"column":44}},"loc":{"start":{"line":51,"column":49},"end":{"line":56,"column":9}},"line":51},"3":{"name":"registerValidSW","decl":{"start":{"line":65,"column":9},"end":{"line":65,"column":24}},"loc":{"start":{"line":65,"column":57},"end":{"line":107,"column":1}},"line":65},"4":{"name":"(anonymous_4)","decl":{"start":{"line":68,"column":10},"end":{"line":68,"column":11}},"loc":{"start":{"line":68,"column":26},"end":{"line":103,"column":5}},"line":68},"5":{"name":"(anonymous_5)","decl":{"start":{"line":69,"column":35},"end":{"line":69,"column":36}},"loc":{"start":{"line":69,"column":41},"end":{"line":102,"column":7}},"line":69},"6":{"name":"(anonymous_6)","decl":{"start":{"line":74,"column":41},"end":{"line":74,"column":42}},"loc":{"start":{"line":74,"column":47},"end":{"line":101,"column":9}},"line":74},"7":{"name":"(anonymous_7)","decl":{"start":{"line":104,"column":11},"end":{"line":104,"column":12}},"loc":{"start":{"line":104,"column":20},"end":{"line":106,"column":5}},"line":104},"8":{"name":"checkValidServiceWorker","decl":{"start":{"line":109,"column":9},"end":{"line":109,"column":32}},"loc":{"start":{"line":109,"column":65},"end":{"line":137,"column":1}},"line":109},"9":{"name":"(anonymous_9)","decl":{"start":{"line":114,"column":10},"end":{"line":114,"column":11}},"loc":{"start":{"line":114,"column":22},"end":{"line":131,"column":5}},"line":114},"10":{"name":"(anonymous_10)","decl":{"start":{"line":122,"column":43},"end":{"line":122,"column":44}},"loc":{"start":{"line":122,"column":59},"end":{"line":126,"column":9}},"line":122},"11":{"name":"(anonymous_11)","decl":{"start":{"line":123,"column":41},"end":{"line":123,"column":42}},"loc":{"start":{"line":123,"column":47},"end":{"line":125,"column":11}},"line":123},"12":{"name":"(anonymous_12)","decl":{"start":{"line":132,"column":11},"end":{"line":132,"column":12}},"loc":{"start":{"line":132,"column":17},"end":{"line":136,"column":5}},"line":132},"13":{"name":"unregister","decl":{"start":{"line":139,"column":16},"end":{"line":139,"column":26}},"loc":{"start":{"line":139,"column":29},"end":{"line":149,"column":1}},"line":139},"14":{"name":"(anonymous_14)","decl":{"start":{"line":142,"column":12},"end":{"line":142,"column":13}},"loc":{"start":{"line":142,"column":28},"end":{"line":144,"column":7}},"line":142},"15":{"name":"(anonymous_15)","decl":{"start":{"line":145,"column":13},"end":{"line":145,"column":14}},"loc":{"start":{"line":145,"column":22},"end":{"line":147,"column":7}},"line":145}},"branchMap":{"0":{"loc":{"start":{"line":14,"column":2},"end":{"line":20,"column":5}},"type":"binary-expr","locations":[{"start":{"line":14,"column":2},"end":{"line":14,"column":42}},{"start":{"line":16,"column":4},"end":{"line":16,"column":40}},{"start":{"line":18,"column":4},"end":{"line":20,"column":5}}],"line":14},"1":{"loc":{"start":{"line":29,"column":2},"end":{"line":62,"column":3}},"type":"if","locations":[{"start":{"line":29,"column":2},"end":{"line":62,"column":3}},{"start":{"line":29,"column":2},"end":{"line":62,"column":3}}],"line":29},"2":{"loc":{"start":{"line":29,"column":6},"end":{"line":29,"column":75}},"type":"binary-expr","locations":[{"start":{"line":29,"column":6},"end":{"line":29,"column":43}},{"start":{"line":29,"column":47},"end":{"line":29,"column":75}}],"line":29},"3":{"loc":{"start":{"line":35,"column":4},"end":{"line":40,"column":5}},"type":"if","locations":[{"start":{"line":35,"column":4},"end":{"line":40,"column":5}},{"start":{"line":35,"column":4},"end":{"line":40,"column":5}}],"line":35},"4":{"loc":{"start":{"line":45,"column":6},"end":{"line":60,"column":7}},"type":"if","locations":[{"start":{"line":45,"column":6},"end":{"line":60,"column":7}},{"start":{"line":45,"column":6},"end":{"line":60,"column":7}}],"line":45},"5":{"loc":{"start":{"line":71,"column":8},"end":{"line":73,"column":9}},"type":"if","locations":[{"start":{"line":71,"column":8},"end":{"line":73,"column":9}},{"start":{"line":71,"column":8},"end":{"line":73,"column":9}}],"line":71},"6":{"loc":{"start":{"line":75,"column":10},"end":{"line":100,"column":11}},"type":"if","locations":[{"start":{"line":75,"column":10},"end":{"line":100,"column":11}},{"start":{"line":75,"column":10},"end":{"line":100,"column":11}}],"line":75},"7":{"loc":{"start":{"line":76,"column":12},"end":{"line":99,"column":13}},"type":"if","locations":[{"start":{"line":76,"column":12},"end":{"line":99,"column":13}},{"start":{"line":76,"column":12},"end":{"line":99,"column":13}}],"line":76},"8":{"loc":{"start":{"line":86,"column":14},"end":{"line":88,"column":15}},"type":"if","locations":[{"start":{"line":86,"column":14},"end":{"line":88,"column":15}},{"start":{"line":86,"column":14},"end":{"line":88,"column":15}}],"line":86},"9":{"loc":{"start":{"line":86,"column":18},"end":{"line":86,"column":43}},"type":"binary-expr","locations":[{"start":{"line":86,"column":18},"end":{"line":86,"column":24}},{"start":{"line":86,"column":28},"end":{"line":86,"column":43}}],"line":86},"10":{"loc":{"start":{"line":96,"column":14},"end":{"line":98,"column":15}},"type":"if","locations":[{"start":{"line":96,"column":14},"end":{"line":98,"column":15}},{"start":{"line":96,"column":14},"end":{"line":98,"column":15}}],"line":96},"11":{"loc":{"start":{"line":96,"column":18},"end":{"line":96,"column":44}},"type":"binary-expr","locations":[{"start":{"line":96,"column":18},"end":{"line":96,"column":24}},{"start":{"line":96,"column":28},"end":{"line":96,"column":44}}],"line":96},"12":{"loc":{"start":{"line":117,"column":6},"end":{"line":130,"column":7}},"type":"if","locations":[{"start":{"line":117,"column":6},"end":{"line":130,"column":7}},{"start":{"line":117,"column":6},"end":{"line":130,"column":7}}],"line":117},"13":{"loc":{"start":{"line":118,"column":8},"end":{"line":119,"column":73}},"type":"binary-expr","locations":[{"start":{"line":118,"column":8},"end":{"line":118,"column":31}},{"start":{"line":119,"column":9},"end":{"line":119,"column":28}},{"start":{"line":119,"column":32},"end":{"line":119,"column":72}}],"line":118},"14":{"loc":{"start":{"line":140,"column":2},"end":{"line":148,"column":3}},"type":"if","locations":[{"start":{"line":140,"column":2},"end":{"line":148,"column":3}},{"start":{"line":140,"column":2},"end":{"line":148,"column":3}}],"line":140}},"s":{"0":0,"1":0,"2":0,"3":0,"4":0,"5":0,"6":0,"7":0,"8":0,"9":0,"10":0,"11":0,"12":0,"13":0,"14":0,"15":0,"16":0,"17":0,"18":0,"19":0,"20":0,"21":0,"22":0,"23":0,"24":0,"25":0,"26":0,"27":0,"28":0,"29":0,"30":0,"31":0,"32":0,"33":0,"34":0,"35":0,"36":0,"37":0,"38":0},"f":{"0":0,"1":0,"2":0,"3":0,"4":0,"5":0,"6":0,"7":0,"8":0,"9":0,"10":0,"11":0,"12":0,"13":0,"14":0,"15":0},"b":{"0":[0,0,0],"1":[0,0],"2":[0,0],"3":[0,0],"4":[0,0],"5":[0,0],"6":[0,0],"7":[0,0],"8":[0,0],"9":[0,0],"10":[0,0],"11":[0,0],"12":[0,0],"13":[0,0,0],"14":[0,0]},"hash":"aadb0baf10f223f2b228d173ad9ad96ac2a0f601"}
,"/home/beast/source/repos/de-form/src/examples/ClassExample/class.tsx": {"path":"/home/beast/source/repos/de-form/src/examples/ClassExample/class.tsx","statementMap":{"0":{"start":{"line":12,"column":4},"end":{"line":12,"column":17}},"1":{"start":{"line":13,"column":4},"end":{"line":16,"column":6}},"2":{"start":{"line":17,"column":4},"end":{"line":17,"column":29}},"3":{"start":{"line":18,"column":4},"end":{"line":18,"column":33}},"4":{"start":{"line":19,"column":4},"end":{"line":19,"column":31}},"5":{"start":{"line":20,"column":4},"end":{"line":20,"column":33}},"6":{"start":{"line":22,"column":6},"end":{"line":22,"column":50}},"7":{"start":{"line":24,"column":13},"end":{"line":28,"column":3}},"8":{"start":{"line":25,"column":28},"end":{"line":25,"column":40}},"9":{"start":{"line":26,"column":17},"end":{"line":26,"column":34}},"10":{"start":{"line":27,"column":4},"end":{"line":27,"column":46}},"11":{"start":{"line":30,"column":17},"end":{"line":30,"column":67}},"12":{"start":{"line":31,"column":15},"end":{"line":31,"column":48}},"13":{"start":{"line":33,"column":17},"end":{"line":37,"column":3}},"14":{"start":{"line":34,"column":4},"end":{"line":34,"column":23}},"15":{"start":{"line":35,"column":4},"end":{"line":35,"column":35}},"16":{"start":{"line":36,"column":4},"end":{"line":36,"column":23}},"17":{"start":{"line":40,"column":4},"end":{"line":70,"column":6}},"18":{"start":{"line":47,"column":14},"end":{"line":47,"column":33}},"19":{"start":{"line":48,"column":14},"end":{"line":48,"column":33}},"20":{"start":{"line":60,"column":14},"end":{"line":60,"column":33}},"21":{"start":{"line":61,"column":14},"end":{"line":61,"column":33}}},"fnMap":{"0":{"name":"(anonymous_0)","decl":{"start":{"line":11,"column":2},"end":{"line":11,"column":3}},"loc":{"start":{"line":11,"column":26},"end":{"line":21,"column":3}},"line":11},"1":{"name":"(anonymous_1)","decl":{"start":{"line":24,"column":13},"end":{"line":24,"column":14}},"loc":{"start":{"line":24,"column":29},"end":{"line":28,"column":3}},"line":24},"2":{"name":"(anonymous_2)","decl":{"start":{"line":33,"column":17},"end":{"line":33,"column":18}},"loc":{"start":{"line":33,"column":29},"end":{"line":37,"column":3}},"line":33},"3":{"name":"(anonymous_3)","decl":{"start":{"line":39,"column":2},"end":{"line":39,"column":3}},"loc":{"start":{"line":39,"column":11},"end":{"line":71,"column":3}},"line":39},"4":{"name":"(anonymous_4)","decl":{"start":{"line":46,"column":20},"end":{"line":46,"column":21}},"loc":{"start":{"line":46,"column":32},"end":{"line":49,"column":13}},"line":46},"5":{"name":"(anonymous_5)","decl":{"start":{"line":59,"column":20},"end":{"line":59,"column":21}},"loc":{"start":{"line":59,"column":32},"end":{"line":62,"column":13}},"line":59}},"branchMap":{"0":{"loc":{"start":{"line":53,"column":11},"end":{"line":53,"column":70}},"type":"binary-expr","locations":[{"start":{"line":53,"column":11},"end":{"line":53,"column":34}},{"start":{"line":53,"column":38},"end":{"line":53,"column":70}}],"line":53},"1":{"loc":{"start":{"line":66,"column":11},"end":{"line":66,"column":72}},"type":"binary-expr","locations":[{"start":{"line":66,"column":11},"end":{"line":66,"column":35}},{"start":{"line":66,"column":39},"end":{"line":66,"column":72}}],"line":66}},"s":{"0":0,"1":0,"2":0,"3":0,"4":0,"5":0,"6":0,"7":0,"8":0,"9":0,"10":0,"11":0,"12":0,"13":0,"14":0,"15":0,"16":0,"17":0,"18":0,"19":0,"20":0,"21":0},"f":{"0":0,"1":0,"2":0,"3":0,"4":0,"5":0},"b":{"0":[0,0],"1":[0,0]},"hash":"77077910898b7c3a71b52131fcebbcf8c8f13516"}
,"/home/beast/source/repos/de-form/src/examples/ClassExample/classSchema.ts": {"path":"/home/beast/source/repos/de-form/src/examples/ClassExample/classSchema.ts","statementMap":{"0":{"start":{"line":1,"column":32},"end":{"line":36,"column":1}},"1":{"start":{"line":6,"column":8},"end":{"line":6,"column":43}},"2":{"start":{"line":12,"column":8},"end":{"line":12,"column":44}},"3":{"start":{"line":18,"column":8},"end":{"line":18,"column":30}},"4":{"start":{"line":26,"column":8},"end":{"line":26,"column":50}},"5":{"start":{"line":32,"column":8},"end":{"line":32,"column":30}}},"fnMap":{"0":{"name":"(anonymous_0)","decl":{"start":{"line":5,"column":18},"end":{"line":5,"column":19}},"loc":{"start":{"line":5,"column":47},"end":{"line":7,"column":7}},"line":5},"1":{"name":"(anonymous_1)","decl":{"start":{"line":11,"column":18},"end":{"line":11,"column":19}},"loc":{"start":{"line":11,"column":47},"end":{"line":13,"column":7}},"line":11},"2":{"name":"(anonymous_2)","decl":{"start":{"line":17,"column":18},"end":{"line":17,"column":19}},"loc":{"start":{"line":17,"column":47},"end":{"line":19,"column":7}},"line":17},"3":{"name":"(anonymous_3)","decl":{"start":{"line":25,"column":18},"end":{"line":25,"column":19}},"loc":{"start":{"line":25,"column":47},"end":{"line":27,"column":7}},"line":25},"4":{"name":"(anonymous_4)","decl":{"start":{"line":31,"column":18},"end":{"line":31,"column":19}},"loc":{"start":{"line":31,"column":47},"end":{"line":33,"column":7}},"line":31}},"branchMap":{},"s":{"0":0,"1":0,"2":0,"3":0,"4":0,"5":0},"f":{"0":0,"1":0,"2":0,"3":0,"4":0},"b":{},"hash":"39678bea2b9b7b956106b2b3da3a67b0ebac7a79"}
,"/home/beast/source/repos/de-form/src/examples/Example1/index.tsx": {"path":"/home/beast/source/repos/de-form/src/examples/Example1/index.tsx","statementMap":{"0":{"start":{"line":5,"column":28},"end":{"line":54,"column":1}},"1":{"start":{"line":7,"column":28},"end":{"line":10,"column":4}},"2":{"start":{"line":12,"column":12},"end":{"line":12,"column":27}},"3":{"start":{"line":14,"column":19},"end":{"line":18,"column":3}},"4":{"start":{"line":15,"column":28},"end":{"line":15,"column":40}},"5":{"start":{"line":16,"column":17},"end":{"line":16,"column":34}},"6":{"start":{"line":17,"column":4},"end":{"line":17,"column":36}},"7":{"start":{"line":20,"column":23},"end":{"line":20,"column":58}},"8":{"start":{"line":21,"column":21},"end":{"line":21,"column":44}},"9":{"start":{"line":23,"column":23},"end":{"line":27,"column":3}},"10":{"start":{"line":24,"column":4},"end":{"line":24,"column":23}},"11":{"start":{"line":25,"column":22},"end":{"line":25,"column":42}},"12":{"start":{"line":26,"column":4},"end":{"line":26,"column":40}},"13":{"start":{"line":29,"column":2},"end":{"line":53,"column":4}}},"fnMap":{"0":{"name":"(anonymous_0)","decl":{"start":{"line":5,"column":28},"end":{"line":5,"column":29}},"loc":{"start":{"line":5,"column":34},"end":{"line":54,"column":1}},"line":5},"1":{"name":"(anonymous_1)","decl":{"start":{"line":14,"column":19},"end":{"line":14,"column":20}},"loc":{"start":{"line":14,"column":35},"end":{"line":18,"column":3}},"line":14},"2":{"name":"(anonymous_2)","decl":{"start":{"line":23,"column":23},"end":{"line":23,"column":24}},"loc":{"start":{"line":23,"column":35},"end":{"line":27,"column":3}},"line":23}},"branchMap":{"0":{"loc":{"start":{"line":39,"column":9},"end":{"line":39,"column":58}},"type":"binary-expr","locations":[{"start":{"line":39,"column":9},"end":{"line":39,"column":27}},{"start":{"line":39,"column":31},"end":{"line":39,"column":58}}],"line":39},"1":{"loc":{"start":{"line":49,"column":9},"end":{"line":49,"column":60}},"type":"binary-expr","locations":[{"start":{"line":49,"column":9},"end":{"line":49,"column":28}},{"start":{"line":49,"column":32},"end":{"line":49,"column":60}}],"line":49}},"s":{"0":0,"1":0,"2":0,"3":0,"4":0,"5":0,"6":0,"7":0,"8":0,"9":0,"10":0,"11":0,"12":0,"13":0},"f":{"0":0,"1":0,"2":0},"b":{"0":[0,0],"1":[0,0]},"hash":"29d4e5ab1eb4007b49f4983137bf1c255a302498"}
,"/home/beast/source/repos/de-form/src/examples/Example2/index.tsx": {"path":"/home/beast/source/repos/de-form/src/examples/Example2/index.tsx","statementMap":{"0":{"start":{"line":5,"column":28},"end":{"line":63,"column":1}},"1":{"start":{"line":7,"column":28},"end":{"line":10,"column":4}},"2":{"start":{"line":12,"column":12},"end":{"line":12,"column":27}},"3":{"start":{"line":14,"column":27},"end":{"line":17,"column":3}},"4":{"start":{"line":15,"column":23},"end":{"line":15,"column":40}},"5":{"start":{"line":16,"column":4},"end":{"line":16,"column":65}},"6":{"start":{"line":19,"column":23},"end":{"line":25,"column":3}},"7":{"start":{"line":20,"column":28},"end":{"line":20,"column":40}},"8":{"start":{"line":21,"column":17},"end":{"line":21,"column":34}},"9":{"start":{"line":22,"column":25},"end":{"line":22,"column":46}},"10":{"start":{"line":23,"column":4},"end":{"line":23,"column":41}},"11":{"start":{"line":24,"column":4},"end":{"line":24,"column":27}},"12":{"start":{"line":27,"column":21},"end":{"line":30,"column":3}},"13":{"start":{"line":28,"column":21},"end":{"line":28,"column":33}},"14":{"start":{"line":29,"column":4},"end":{"line":29,"column":34}},"15":{"start":{"line":32,"column":23},"end":{"line":36,"column":3}},"16":{"start":{"line":33,"column":4},"end":{"line":33,"column":23}},"17":{"start":{"line":34,"column":22},"end":{"line":34,"column":42}},"18":{"start":{"line":35,"column":4},"end":{"line":35,"column":40}},"19":{"start":{"line":38,"column":2},"end":{"line":62,"column":4}}},"fnMap":{"0":{"name":"(anonymous_0)","decl":{"start":{"line":5,"column":28},"end":{"line":5,"column":29}},"loc":{"start":{"line":5,"column":34},"end":{"line":63,"column":1}},"line":5},"1":{"name":"(anonymous_1)","decl":{"start":{"line":14,"column":27},"end":{"line":14,"column":28}},"loc":{"start":{"line":14,"column":56},"end":{"line":17,"column":3}},"line":14},"2":{"name":"(anonymous_2)","decl":{"start":{"line":19,"column":23},"end":{"line":19,"column":24}},"loc":{"start":{"line":19,"column":39},"end":{"line":25,"column":3}},"line":19},"3":{"name":"(anonymous_3)","decl":{"start":{"line":27,"column":21},"end":{"line":27,"column":22}},"loc":{"start":{"line":27,"column":37},"end":{"line":30,"column":3}},"line":27},"4":{"name":"(anonymous_4)","decl":{"start":{"line":32,"column":23},"end":{"line":32,"column":24}},"loc":{"start":{"line":32,"column":35},"end":{"line":36,"column":3}},"line":32}},"branchMap":{"0":{"loc":{"start":{"line":16,"column":4},"end":{"line":16,"column":64}},"type":"binary-expr","locations":[{"start":{"line":16,"column":4},"end":{"line":16,"column":29}},{"start":{"line":16,"column":33},"end":{"line":16,"column":64}}],"line":16},"1":{"loc":{"start":{"line":48,"column":9},"end":{"line":48,"column":58}},"type":"binary-expr","locations":[{"start":{"line":48,"column":9},"end":{"line":48,"column":27}},{"start":{"line":48,"column":31},"end":{"line":48,"column":58}}],"line":48},"2":{"loc":{"start":{"line":58,"column":9},"end":{"line":58,"column":60}},"type":"binary-expr","locations":[{"start":{"line":58,"column":9},"end":{"line":58,"column":28}},{"start":{"line":58,"column":32},"end":{"line":58,"column":60}}],"line":58}},"s":{"0":0,"1":0,"2":0,"3":0,"4":0,"5":0,"6":0,"7":0,"8":0,"9":0,"10":0,"11":0,"12":0,"13":0,"14":0,"15":0,"16":0,"17":0,"18":0,"19":0},"f":{"0":0,"1":0,"2":0,"3":0,"4":0},"b":{"0":[0,0],"1":[0,0],"2":[0,0]},"hash":"b02960cb6bb63c87c1d4e39ecb0830e784d51cee"}
,"/home/beast/source/repos/de-form/src/examples/Example3/DogForm.tsx": {"path":"/home/beast/source/repos/de-form/src/examples/Example3/DogForm.tsx","statementMap":{"0":{"start":{"line":11,"column":41},"end":{"line":52,"column":1}},"1":{"start":{"line":13,"column":44},"end":{"line":13,"column":49}},"2":{"start":{"line":19,"column":6},"end":{"line":19,"column":21}},"3":{"start":{"line":21,"column":24},"end":{"line":21,"column":43}},"4":{"start":{"line":22,"column":26},"end":{"line":22,"column":57}},"5":{"start":{"line":24,"column":2},"end":{"line":26,"column":23}},"6":{"start":{"line":25,"column":4},"end":{"line":25,"column":39}},"7":{"start":{"line":28,"column":2},"end":{"line":51,"column":4}}},"fnMap":{"0":{"name":"(anonymous_0)","decl":{"start":{"line":11,"column":41},"end":{"line":11,"column":42}},"loc":{"start":{"line":11,"column":52},"end":{"line":52,"column":1}},"line":11},"1":{"name":"(anonymous_1)","decl":{"start":{"line":24,"column":12},"end":{"line":24,"column":13}},"loc":{"start":{"line":24,"column":18},"end":{"line":26,"column":3}},"line":24}},"branchMap":{"0":{"loc":{"start":{"line":25,"column":4},"end":{"line":25,"column":38}},"type":"binary-expr","locations":[{"start":{"line":25,"column":4},"end":{"line":25,"column":18}},{"start":{"line":25,"column":22},"end":{"line":25,"column":38}}],"line":25},"1":{"loc":{"start":{"line":38,"column":9},"end":{"line":38,"column":54}},"type":"binary-expr","locations":[{"start":{"line":38,"column":9},"end":{"line":38,"column":25}},{"start":{"line":38,"column":29},"end":{"line":38,"column":54}}],"line":38},"2":{"loc":{"start":{"line":48,"column":9},"end":{"line":48,"column":56}},"type":"binary-expr","locations":[{"start":{"line":48,"column":9},"end":{"line":48,"column":26}},{"start":{"line":48,"column":30},"end":{"line":48,"column":56}}],"line":48}},"s":{"0":0,"1":0,"2":0,"3":0,"4":0,"5":0,"6":0,"7":0},"f":{"0":0,"1":0},"b":{"0":[0,0],"1":[0,0],"2":[0,0]},"hash":"f84639715c5d221b86b5f06cad6449b4ce22c593"}
,"/home/beast/source/repos/de-form/src/examples/Example3/index.tsx": {"path":"/home/beast/source/repos/de-form/src/examples/Example3/index.tsx","statementMap":{"0":{"start":{"line":7,"column":28},"end":{"line":74,"column":1}},"1":{"start":{"line":9,"column":28},"end":{"line":9,"column":59}},"2":{"start":{"line":10,"column":46},"end":{"line":10,"column":70}},"3":{"start":{"line":17,"column":6},"end":{"line":17,"column":24}},"4":{"start":{"line":19,"column":25},"end":{"line":23,"column":3}},"5":{"start":{"line":20,"column":28},"end":{"line":20,"column":40}},"6":{"start":{"line":21,"column":17},"end":{"line":21,"column":34}},"7":{"start":{"line":22,"column":4},"end":{"line":22,"column":36}},"8":{"start":{"line":24,"column":25},"end":{"line":24,"column":64}},"9":{"start":{"line":25,"column":23},"end":{"line":25,"column":44}},"10":{"start":{"line":27,"column":26},"end":{"line":32,"column":3}},"11":{"start":{"line":27,"column":45},"end":{"line":32,"column":3}},"12":{"start":{"line":28,"column":28},"end":{"line":28,"column":40}},"13":{"start":{"line":29,"column":17},"end":{"line":29,"column":34}},"14":{"start":{"line":30,"column":16},"end":{"line":30,"column":55}},"15":{"start":{"line":31,"column":4},"end":{"line":31,"column":32}},"16":{"start":{"line":34,"column":23},"end":{"line":39,"column":3}},"17":{"start":{"line":35,"column":4},"end":{"line":35,"column":23}},"18":{"start":{"line":36,"column":4},"end":{"line":36,"column":39}},"19":{"start":{"line":37,"column":22},"end":{"line":37,"column":40}},"20":{"start":{"line":38,"column":4},"end":{"line":38,"column":40}},"21":{"start":{"line":41,"column":2},"end":{"line":73,"column":4}},"22":{"start":{"line":64,"column":8},"end":{"line":69,"column":10}}},"fnMap":{"0":{"name":"(anonymous_0)","decl":{"start":{"line":7,"column":28},"end":{"line":7,"column":29}},"loc":{"start":{"line":7,"column":34},"end":{"line":74,"column":1}},"line":7},"1":{"name":"(anonymous_1)","decl":{"start":{"line":19,"column":25},"end":{"line":19,"column":26}},"loc":{"start":{"line":19,"column":41},"end":{"line":23,"column":3}},"line":19},"2":{"name":"(anonymous_2)","decl":{"start":{"line":27,"column":26},"end":{"line":27,"column":27}},"loc":{"start":{"line":27,"column":45},"end":{"line":32,"column":3}},"line":27},"3":{"name":"(anonymous_3)","decl":{"start":{"line":27,"column":45},"end":{"line":27,"column":46}},"loc":{"start":{"line":27,"column":61},"end":{"line":32,"column":3}},"line":27},"4":{"name":"(anonymous_4)","decl":{"start":{"line":34,"column":23},"end":{"line":34,"column":24}},"loc":{"start":{"line":34,"column":35},"end":{"line":39,"column":3}},"line":34},"5":{"name":"(anonymous_5)","decl":{"start":{"line":63,"column":21},"end":{"line":63,"column":22}},"loc":{"start":{"line":64,"column":8},"end":{"line":69,"column":10}},"line":64}},"branchMap":{"0":{"loc":{"start":{"line":51,"column":9},"end":{"line":51,"column":54}},"type":"binary-expr","locations":[{"start":{"line":51,"column":9},"end":{"line":51,"column":25}},{"start":{"line":51,"column":29},"end":{"line":51,"column":54}}],"line":51},"1":{"loc":{"start":{"line":61,"column":9},"end":{"line":61,"column":52}},"type":"binary-expr","locations":[{"start":{"line":61,"column":9},"end":{"line":61,"column":24}},{"start":{"line":61,"column":28},"end":{"line":61,"column":52}}],"line":61}},"s":{"0":0,"1":0,"2":0,"3":0,"4":0,"5":0,"6":0,"7":0,"8":0,"9":0,"10":0,"11":0,"12":0,"13":0,"14":0,"15":0,"16":0,"17":0,"18":0,"19":0,"20":0,"21":0,"22":0},"f":{"0":0,"1":0,"2":0,"3":0,"4":0,"5":0},"b":{"0":[0,0],"1":[0,0]},"hash":"e70195d52c95e0d6bc42fb8fb842c6500de51567"}
,"/home/beast/source/repos/de-form/src/examples/types/index.tsx": {"path":"/home/beast/source/repos/de-form/src/examples/types/index.tsx","statementMap":{"0":{"start":{"line":12,"column":27},"end":{"line":27,"column":1}},"1":{"start":{"line":13,"column":2},"end":{"line":26,"column":3}}},"fnMap":{"0":{"name":"(anonymous_0)","decl":{"start":{"line":12,"column":27},"end":{"line":12,"column":28}},"loc":{"start":{"line":12,"column":33},"end":{"line":27,"column":1}},"line":12}},"branchMap":{},"s":{"0":0,"1":0},"f":{"0":0},"b":{},"hash":"85b60ca657875dc079be8874196943c122303cbe"}
,"/home/beast/source/repos/de-form/src/examples/validationSchemas/Dog.validation.ts": {"path":"/home/beast/source/repos/de-form/src/examples/validationSchemas/Dog.validation.ts","statementMap":{"0":{"start":{"line":4,"column":29},"end":{"line":31,"column":1}},"1":{"start":{"line":5,"column":2},"end":{"line":30,"column":5}},"2":{"start":{"line":9,"column":37},"end":{"line":9,"column":64}},"3":{"start":{"line":13,"column":37},"end":{"line":13,"column":51}},"4":{"start":{"line":20,"column":10},"end":{"line":22,"column":19}},"5":{"start":{"line":27,"column":37},"end":{"line":27,"column":51}}},"fnMap":{"0":{"name":"(anonymous_0)","decl":{"start":{"line":4,"column":29},"end":{"line":4,"column":30}},"loc":{"start":{"line":4,"column":35},"end":{"line":31,"column":1}},"line":4},"1":{"name":"(anonymous_1)","decl":{"start":{"line":9,"column":20},"end":{"line":9,"column":21}},"loc":{"start":{"line":9,"column":37},"end":{"line":9,"column":64}},"line":9},"2":{"name":"(anonymous_2)","decl":{"start":{"line":13,"column":20},"end":{"line":13,"column":21}},"loc":{"start":{"line":13,"column":37},"end":{"line":13,"column":51}},"line":13},"3":{"name":"(anonymous_3)","decl":{"start":{"line":19,"column":20},"end":{"line":19,"column":21}},"loc":{"start":{"line":19,"column":49},"end":{"line":23,"column":9}},"line":19},"4":{"name":"(anonymous_4)","decl":{"start":{"line":27,"column":20},"end":{"line":27,"column":21}},"loc":{"start":{"line":27,"column":37},"end":{"line":27,"column":51}},"line":27}},"branchMap":{"0":{"loc":{"start":{"line":20,"column":17},"end":{"line":22,"column":18}},"type":"cond-expr","locations":[{"start":{"line":21,"column":14},"end":{"line":21,"column":42}},{"start":{"line":22,"column":14},"end":{"line":22,"column":18}}],"line":20}},"s":{"0":0,"1":0,"2":0,"3":0,"4":0,"5":0},"f":{"0":0,"1":0,"2":0,"3":0,"4":0},"b":{"0":[0,0]},"hash":"08361dbd56779acc1e59050ce49af3fb2f6945b2"}
,"/home/beast/source/repos/de-form/src/examples/validationSchemas/Person.validation.ts": {"path":"/home/beast/source/repos/de-form/src/examples/validationSchemas/Person.validation.ts","statementMap":{"0":{"start":{"line":5,"column":32},"end":{"line":39,"column":1}},"1":{"start":{"line":6,"column":39},"end":{"line":6,"column":54}},"2":{"start":{"line":7,"column":2},"end":{"line":38,"column":5}},"3":{"start":{"line":12,"column":10},"end":{"line":12,"column":50}},"4":{"start":{"line":17,"column":37},"end":{"line":17,"column":51}},"5":{"start":{"line":23,"column":37},"end":{"line":23,"column":45}},"6":{"start":{"line":27,"column":37},"end":{"line":27,"column":46}},"7":{"start":{"line":34,"column":10},"end":{"line":34,"column":78}},"8":{"start":{"line":34,"column":54},"end":{"line":34,"column":70}}},"fnMap":{"0":{"name":"(anonymous_0)","decl":{"start":{"line":5,"column":32},"end":{"line":5,"column":33}},"loc":{"start":{"line":5,"column":38},"end":{"line":39,"column":1}},"line":5},"1":{"name":"(anonymous_1)","decl":{"start":{"line":11,"column":20},"end":{"line":11,"column":21}},"loc":{"start":{"line":11,"column":37},"end":{"line":13,"column":9}},"line":11},"2":{"name":"(anonymous_2)","decl":{"start":{"line":17,"column":20},"end":{"line":17,"column":21}},"loc":{"start":{"line":17,"column":37},"end":{"line":17,"column":51}},"line":17},"3":{"name":"(anonymous_3)","decl":{"start":{"line":23,"column":20},"end":{"line":23,"column":21}},"loc":{"start":{"line":23,"column":37},"end":{"line":23,"column":45}},"line":23},"4":{"name":"(anonymous_4)","decl":{"start":{"line":27,"column":20},"end":{"line":27,"column":21}},"loc":{"start":{"line":27,"column":37},"end":{"line":27,"column":46}},"line":27},"5":{"name":"(anonymous_5)","decl":{"start":{"line":33,"column":20},"end":{"line":33,"column":21}},"loc":{"start":{"line":33,"column":37},"end":{"line":35,"column":9}},"line":33},"6":{"name":"(anonymous_6)","decl":{"start":{"line":34,"column":29},"end":{"line":34,"column":30}},"loc":{"start":{"line":34,"column":54},"end":{"line":34,"column":70}},"line":34}},"branchMap":{},"s":{"0":0,"1":0,"2":0,"3":0,"4":0,"5":0,"6":0,"7":0,"8":0},"f":{"0":0,"1":0,"2":0,"3":0,"4":0,"5":0,"6":0},"b":{},"hash":"f9e573111d946af4dfce33242d786533e0e3986c"}
,"/home/beast/source/repos/de-form/src/examples/wrappers/Input.component.tsx": {"path":"/home/beast/source/repos/de-form/src/examples/wrappers/Input.component.tsx","statementMap":{"0":{"start":{"line":16,"column":52},"end":{"line":16,"column":57}},"1":{"start":{"line":18,"column":2},"end":{"line":44,"column":3}},"2":{"start":{"line":19,"column":23},"end":{"line":23,"column":5}},"3":{"start":{"line":20,"column":6},"end":{"line":22,"column":29}},"4":{"start":{"line":25,"column":28},"end":{"line":34,"column":5}},"5":{"start":{"line":29,"column":20},"end":{"line":29,"column":62}},"6":{"start":{"line":36,"column":4},"end":{"line":43,"column":6}},"7":{"start":{"line":46,"column":29},"end":{"line":53,"column":3}},"8":{"start":{"line":54,"column":2},"end":{"line":60,"column":4}}},"fnMap":{"0":{"name":"Input","decl":{"start":{"line":15,"column":16},"end":{"line":15,"column":21}},"loc":{"start":{"line":15,"column":48},"end":{"line":61,"column":1}},"line":15},"1":{"name":"(anonymous_1)","decl":{"start":{"line":19,"column":23},"end":{"line":19,"column":24}},"loc":{"start":{"line":19,"column":39},"end":{"line":23,"column":5}},"line":19},"2":{"name":"(anonymous_2)","decl":{"start":{"line":29,"column":14},"end":{"line":29,"column":15}},"loc":{"start":{"line":29,"column":20},"end":{"line":29,"column":62}},"line":29}},"branchMap":{"0":{"loc":{"start":{"line":18,"column":2},"end":{"line":44,"column":3}},"type":"if","locations":[{"start":{"line":18,"column":2},"end":{"line":44,"column":3}},{"start":{"line":18,"column":2},"end":{"line":44,"column":3}}],"line":18},"1":{"loc":{"start":{"line":20,"column":13},"end":{"line":22,"column":29}},"type":"cond-expr","locations":[{"start":{"line":21,"column":10},"end":{"line":21,"column":20}},{"start":{"line":22,"column":10},"end":{"line":22,"column":29}}],"line":20}},"s":{"0":0,"1":0,"2":0,"3":0,"4":0,"5":0,"6":0,"7":0,"8":0},"f":{"0":0,"1":0,"2":0},"b":{"0":[0,0],"1":[0,0]},"hash":"00dd52a9f1776f35e5bf2f2f32f34979682efffa"}
,"/home/beast/source/repos/de-form/src/util/utilities.ts": {"path":"/home/beast/source/repos/de-form/src/util/utilities.ts","statementMap":{"0":{"start":{"line":6,"column":28},"end":{"line":6,"column":73}},"1":{"start":{"line":6,"column":34},"end":{"line":6,"column":73}},"2":{"start":{"line":11,"column":23},"end":{"line":12,"column":64}},"3":{"start":{"line":11,"column":47},"end":{"line":12,"column":64}},"4":{"start":{"line":12,"column":2},"end":{"line":12,"column":64}},"5":{"start":{"line":12,"column":31},"end":{"line":12,"column":54}},"6":{"start":{"line":20,"column":25},"end":{"line":22,"column":1}},"7":{"start":{"line":21,"column":2},"end":{"line":21,"column":49}},"8":{"start":{"line":24,"column":26},"end":{"line":30,"column":1}},"9":{"start":{"line":25,"column":2},"end":{"line":29,"column":5}},"10":{"start":{"line":26,"column":4},"end":{"line":28,"column":20}},"11":{"start":{"line":36,"column":16},"end":{"line":36,"column":25}},"12":{"start":{"line":38,"column":2},"end":{"line":44,"column":4}},"13":{"start":{"line":39,"column":4},"end":{"line":41,"column":5}},"14":{"start":{"line":40,"column":6},"end":{"line":40,"column":40}},"15":{"start":{"line":43,"column":4},"end":{"line":43,"column":34}},"16":{"start":{"line":50,"column":20},"end":{"line":50,"column":43}},"17":{"start":{"line":50,"column":35},"end":{"line":50,"column":43}},"18":{"start":{"line":55,"column":20},"end":{"line":55,"column":40}},"19":{"start":{"line":55,"column":35},"end":{"line":55,"column":40}},"20":{"start":{"line":60,"column":19},"end":{"line":60,"column":58}},"21":{"start":{"line":60,"column":48},"end":{"line":60,"column":57}},"22":{"start":{"line":65,"column":22},"end":{"line":65,"column":75}},"23":{"start":{"line":65,"column":59},"end":{"line":65,"column":74}},"24":{"start":{"line":70,"column":20},"end":{"line":70,"column":76}},"25":{"start":{"line":70,"column":51},"end":{"line":70,"column":75}},"26":{"start":{"line":72,"column":21},"end":{"line":76,"column":1}},"27":{"start":{"line":73,"column":2},"end":{"line":75,"column":12}},"28":{"start":{"line":78,"column":19},"end":{"line":78,"column":45}}},"fnMap":{"0":{"name":"(anonymous_0)","decl":{"start":{"line":6,"column":28},"end":{"line":6,"column":29}},"loc":{"start":{"line":6,"column":34},"end":{"line":6,"column":73}},"line":6},"1":{"name":"(anonymous_1)","decl":{"start":{"line":11,"column":23},"end":{"line":11,"column":24}},"loc":{"start":{"line":11,"column":47},"end":{"line":12,"column":64}},"line":11},"2":{"name":"(anonymous_2)","decl":{"start":{"line":11,"column":47},"end":{"line":11,"column":48}},"loc":{"start":{"line":12,"column":2},"end":{"line":12,"column":64}},"line":12},"3":{"name":"(anonymous_3)","decl":{"start":{"line":12,"column":18},"end":{"line":12,"column":19}},"loc":{"start":{"line":12,"column":31},"end":{"line":12,"column":54}},"line":12},"4":{"name":"(anonymous_4)","decl":{"start":{"line":20,"column":25},"end":{"line":20,"column":26}},"loc":{"start":{"line":20,"column":53},"end":{"line":22,"column":1}},"line":20},"5":{"name":"(anonymous_5)","decl":{"start":{"line":24,"column":26},"end":{"line":24,"column":27}},"loc":{"start":{"line":24,"column":78},"end":{"line":30,"column":1}},"line":24},"6":{"name":"(anonymous_6)","decl":{"start":{"line":25,"column":19},"end":{"line":25,"column":20}},"loc":{"start":{"line":25,"column":51},"end":{"line":29,"column":3}},"line":25},"7":{"name":"curry","decl":{"start":{"line":35,"column":16},"end":{"line":35,"column":21}},"loc":{"start":{"line":35,"column":36},"end":{"line":45,"column":1}},"line":35},"8":{"name":"$curry","decl":{"start":{"line":38,"column":18},"end":{"line":38,"column":24}},"loc":{"start":{"line":38,"column":46},"end":{"line":44,"column":3}},"line":38},"9":{"name":"(anonymous_9)","decl":{"start":{"line":50,"column":20},"end":{"line":50,"column":21}},"loc":{"start":{"line":50,"column":35},"end":{"line":50,"column":43}},"line":50},"10":{"name":"(anonymous_10)","decl":{"start":{"line":55,"column":20},"end":{"line":55,"column":21}},"loc":{"start":{"line":55,"column":35},"end":{"line":55,"column":40}},"line":55},"11":{"name":"(anonymous_11)","decl":{"start":{"line":60,"column":25},"end":{"line":60,"column":26}},"loc":{"start":{"line":60,"column":48},"end":{"line":60,"column":57}},"line":60},"12":{"name":"(anonymous_12)","decl":{"start":{"line":65,"column":28},"end":{"line":65,"column":29}},"loc":{"start":{"line":65,"column":59},"end":{"line":65,"column":74}},"line":65},"13":{"name":"(anonymous_13)","decl":{"start":{"line":70,"column":26},"end":{"line":70,"column":27}},"loc":{"start":{"line":70,"column":51},"end":{"line":70,"column":75}},"line":70},"14":{"name":"(anonymous_14)","decl":{"start":{"line":72,"column":21},"end":{"line":72,"column":22}},"loc":{"start":{"line":72,"column":50},"end":{"line":76,"column":1}},"line":72}},"branchMap":{"0":{"loc":{"start":{"line":26,"column":11},"end":{"line":28,"column":19}},"type":"cond-expr","locations":[{"start":{"line":27,"column":8},"end":{"line":27,"column":28}},{"start":{"line":28,"column":8},"end":{"line":28,"column":19}}],"line":26},"1":{"loc":{"start":{"line":39,"column":4},"end":{"line":41,"column":5}},"type":"if","locations":[{"start":{"line":39,"column":4},"end":{"line":41,"column":5}},{"start":{"line":39,"column":4},"end":{"line":41,"column":5}}],"line":39},"2":{"loc":{"start":{"line":70,"column":51},"end":{"line":70,"column":75}},"type":"cond-expr","locations":[{"start":{"line":70,"column":57},"end":{"line":70,"column":63}},{"start":{"line":70,"column":66},"end":{"line":70,"column":75}}],"line":70},"3":{"loc":{"start":{"line":73,"column":9},"end":{"line":75,"column":11}},"type":"cond-expr","locations":[{"start":{"line":74,"column":6},"end":{"line":74,"column":10}},{"start":{"line":75,"column":6},"end":{"line":75,"column":11}}],"line":73}},"s":{"0":2,"1":0,"2":2,"3":260,"4":331,"5":662,"6":2,"7":0,"8":2,"9":0,"10":0,"11":6,"12":6,"13":1167,"14":480,"15":687,"16":2,"17":0,"18":2,"19":0,"20":2,"21":95,"22":2,"23":42,"24":2,"25":550,"26":2,"27":112,"28":2},"f":{"0":0,"1":260,"2":331,"3":662,"4":0,"5":0,"6":0,"7":6,"8":1167,"9":0,"10":0,"11":95,"12":42,"13":550,"14":112},"b":{"0":[0,0],"1":[480,687],"2":[391,159],"3":[84,28]},"_coverageSchema":"43e27e138ebf9cfc5966b082cf9a028302ed4184","hash":"de6ed5f5e60d5ce4cc0dd1cca54ecca1f5b5fc8a"}
,"/home/beast/source/repos/de-form/src/validation/index.tsx": {"path":"/home/beast/source/repos/de-form/src/validation/index.tsx","statementMap":{"0":{"start":{"line":10,"column":4},"end":{"line":10,"column":48}},"1":{"start":{"line":14,"column":18},"end":{"line":14,"column":52}},"2":{"start":{"line":15,"column":19},"end":{"line":18,"column":10}},"3":{"start":{"line":16,"column":18},"end":{"line":16,"column":48}},"4":{"start":{"line":17,"column":6},"end":{"line":17,"column":41}},"5":{"start":{"line":19,"column":4},"end":{"line":19,"column":18}},"6":{"start":{"line":23,"column":4},"end":{"line":23,"column":33}},"7":{"start":{"line":27,"column":4},"end":{"line":27,"column":35}},"8":{"start":{"line":28,"column":4},"end":{"line":28,"column":63}},"9":{"start":{"line":29,"column":4},"end":{"line":29,"column":29}},"10":{"start":{"line":30,"column":4},"end":{"line":30,"column":29}},"11":{"start":{"line":31,"column":4},"end":{"line":31,"column":34}},"12":{"start":{"line":32,"column":4},"end":{"line":32,"column":29}},"13":{"start":{"line":33,"column":4},"end":{"line":33,"column":35}},"14":{"start":{"line":36,"column":35},"end":{"line":49,"column":3}},"15":{"start":{"line":37,"column":17},"end":{"line":37,"column":36}},"16":{"start":{"line":38,"column":19},"end":{"line":47,"column":5}},"17":{"start":{"line":40,"column":8},"end":{"line":43,"column":10}},"18":{"start":{"line":44,"column":8},"end":{"line":44,"column":20}},"19":{"start":{"line":48,"column":4},"end":{"line":48,"column":18}},"20":{"start":{"line":51,"column":21},"end":{"line":59,"column":3}},"21":{"start":{"line":52,"column":17},"end":{"line":52,"column":35}},"22":{"start":{"line":53,"column":18},"end":{"line":57,"column":12}},"23":{"start":{"line":54,"column":6},"end":{"line":56,"column":14}},"24":{"start":{"line":58,"column":4},"end":{"line":58,"column":17}},"25":{"start":{"line":68,"column":29},"end":{"line":82,"column":3}},"26":{"start":{"line":69,"column":25},"end":{"line":72,"column":5}},"27":{"start":{"line":70,"column":26},"end":{"line":70,"column":44}},"28":{"start":{"line":73,"column":29},"end":{"line":73,"column":90}},"29":{"start":{"line":74,"column":29},"end":{"line":74,"column":39}},"30":{"start":{"line":75,"column":26},"end":{"line":75,"column":46}},"31":{"start":{"line":76,"column":18},"end":{"line":78,"column":10}},"32":{"start":{"line":79,"column":41},"end":{"line":79,"column":43}},"33":{"start":{"line":80,"column":4},"end":{"line":80,"column":57}},"34":{"start":{"line":81,"column":4},"end":{"line":81,"column":23}},"35":{"start":{"line":89,"column":20},"end":{"line":98,"column":3}},"36":{"start":{"line":90,"column":4},"end":{"line":96,"column":5}},"37":{"start":{"line":91,"column":18},"end":{"line":94,"column":7}},"38":{"start":{"line":95,"column":6},"end":{"line":95,"column":40}},"39":{"start":{"line":97,"column":4},"end":{"line":97,"column":14}},"40":{"start":{"line":107,"column":25},"end":{"line":119,"column":3}},"41":{"start":{"line":111,"column":4},"end":{"line":117,"column":5}},"42":{"start":{"line":112,"column":18},"end":{"line":115,"column":7}},"43":{"start":{"line":116,"column":6},"end":{"line":116,"column":25}},"44":{"start":{"line":118,"column":4},"end":{"line":118,"column":16}},"45":{"start":{"line":127,"column":20},"end":{"line":135,"column":3}},"46":{"start":{"line":128,"column":4},"end":{"line":134,"column":5}},"47":{"start":{"line":129,"column":26},"end":{"line":129,"column":71}},"48":{"start":{"line":130,"column":22},"end":{"line":130,"column":66}},"49":{"start":{"line":131,"column":6},"end":{"line":131,"column":40}},"50":{"start":{"line":132,"column":19},"end":{"line":132,"column":58}},"51":{"start":{"line":133,"column":6},"end":{"line":133,"column":18}},"52":{"start":{"line":144,"column":23},"end":{"line":157,"column":3}},"53":{"start":{"line":145,"column":21},"end":{"line":153,"column":10}},"54":{"start":{"line":146,"column":16},"end":{"line":150,"column":7}},"55":{"start":{"line":151,"column":6},"end":{"line":151,"column":29}},"56":{"start":{"line":152,"column":6},"end":{"line":152,"column":17}},"57":{"start":{"line":154,"column":4},"end":{"line":154,"column":37}},"58":{"start":{"line":155,"column":19},"end":{"line":155,"column":42}},"59":{"start":{"line":156,"column":4},"end":{"line":156,"column":18}},"60":{"start":{"line":166,"column":26},"end":{"line":175,"column":3}},"61":{"start":{"line":167,"column":4},"end":{"line":174,"column":5}},"62":{"start":{"line":168,"column":26},"end":{"line":168,"column":71}},"63":{"start":{"line":169,"column":6},"end":{"line":172,"column":7}},"64":{"start":{"line":170,"column":24},"end":{"line":170,"column":68}},"65":{"start":{"line":171,"column":8},"end":{"line":171,"column":41}},"66":{"start":{"line":173,"column":6},"end":{"line":173,"column":53}},"67":{"start":{"line":183,"column":26},"end":{"line":188,"column":3}},"68":{"start":{"line":184,"column":4},"end":{"line":187,"column":5}},"69":{"start":{"line":185,"column":30},"end":{"line":185,"column":42}},"70":{"start":{"line":186,"column":6},"end":{"line":186,"column":51}},"71":{"start":{"line":197,"column":28},"end":{"line":203,"column":3}},"72":{"start":{"line":198,"column":4},"end":{"line":202,"column":5}},"73":{"start":{"line":199,"column":30},"end":{"line":199,"column":42}},"74":{"start":{"line":200,"column":6},"end":{"line":200,"column":57}},"75":{"start":{"line":201,"column":6},"end":{"line":201,"column":29}}},"fnMap":{"0":{"name":"(anonymous_0)","decl":{"start":{"line":9,"column":2},"end":{"line":9,"column":3}},"loc":{"start":{"line":9,"column":23},"end":{"line":11,"column":3}},"line":9},"1":{"name":"(anonymous_1)","decl":{"start":{"line":13,"column":2},"end":{"line":13,"column":3}},"loc":{"start":{"line":13,"column":32},"end":{"line":20,"column":3}},"line":13},"2":{"name":"(anonymous_2)","decl":{"start":{"line":15,"column":32},"end":{"line":15,"column":33}},"loc":{"start":{"line":15,"column":66},"end":{"line":18,"column":5}},"line":15},"3":{"name":"(anonymous_3)","decl":{"start":{"line":22,"column":2},"end":{"line":22,"column":3}},"loc":{"start":{"line":22,"column":31},"end":{"line":24,"column":3}},"line":22},"4":{"name":"(anonymous_4)","decl":{"start":{"line":26,"column":2},"end":{"line":26,"column":3}},"loc":{"start":{"line":26,"column":42},"end":{"line":34,"column":3}},"line":26},"5":{"name":"(anonymous_5)","decl":{"start":{"line":36,"column":35},"end":{"line":36,"column":36}},"loc":{"start":{"line":36,"column":68},"end":{"line":49,"column":3}},"line":36},"6":{"name":"(anonymous_6)","decl":{"start":{"line":39,"column":6},"end":{"line":39,"column":7}},"loc":{"start":{"line":39,"column":35},"end":{"line":45,"column":7}},"line":39},"7":{"name":"(anonymous_7)","decl":{"start":{"line":51,"column":21},"end":{"line":51,"column":22}},"loc":{"start":{"line":51,"column":49},"end":{"line":59,"column":3}},"line":51},"8":{"name":"(anonymous_8)","decl":{"start":{"line":53,"column":30},"end":{"line":53,"column":31}},"loc":{"start":{"line":53,"column":66},"end":{"line":57,"column":5}},"line":53},"9":{"name":"(anonymous_9)","decl":{"start":{"line":68,"column":29},"end":{"line":68,"column":30}},"loc":{"start":{"line":68,"column":74},"end":{"line":82,"column":3}},"line":68},"10":{"name":"(anonymous_10)","decl":{"start":{"line":70,"column":6},"end":{"line":70,"column":7}},"loc":{"start":{"line":70,"column":26},"end":{"line":70,"column":44}},"line":70},"11":{"name":"(anonymous_11)","decl":{"start":{"line":89,"column":20},"end":{"line":89,"column":21}},"loc":{"start":{"line":89,"column":43},"end":{"line":98,"column":3}},"line":89},"12":{"name":"(anonymous_12)","decl":{"start":{"line":107,"column":25},"end":{"line":107,"column":26}},"loc":{"start":{"line":110,"column":7},"end":{"line":119,"column":3}},"line":110},"13":{"name":"(anonymous_13)","decl":{"start":{"line":127,"column":20},"end":{"line":127,"column":21}},"loc":{"start":{"line":127,"column":69},"end":{"line":135,"column":3}},"line":127},"14":{"name":"(anonymous_14)","decl":{"start":{"line":144,"column":23},"end":{"line":144,"column":24}},"loc":{"start":{"line":144,"column":92},"end":{"line":157,"column":3}},"line":144},"15":{"name":"(anonymous_15)","decl":{"start":{"line":145,"column":34},"end":{"line":145,"column":35}},"loc":{"start":{"line":145,"column":53},"end":{"line":153,"column":5}},"line":145},"16":{"name":"(anonymous_16)","decl":{"start":{"line":166,"column":26},"end":{"line":166,"column":27}},"loc":{"start":{"line":166,"column":75},"end":{"line":175,"column":3}},"line":166},"17":{"name":"(anonymous_17)","decl":{"start":{"line":183,"column":26},"end":{"line":183,"column":27}},"loc":{"start":{"line":183,"column":40},"end":{"line":188,"column":3}},"line":183},"18":{"name":"(anonymous_18)","decl":{"start":{"line":184,"column":11},"end":{"line":184,"column":12}},"loc":{"start":{"line":184,"column":53},"end":{"line":187,"column":5}},"line":184},"19":{"name":"(anonymous_19)","decl":{"start":{"line":197,"column":28},"end":{"line":197,"column":29}},"loc":{"start":{"line":197,"column":62},"end":{"line":203,"column":3}},"line":197},"20":{"name":"(anonymous_20)","decl":{"start":{"line":198,"column":11},"end":{"line":198,"column":12}},"loc":{"start":{"line":198,"column":53},"end":{"line":202,"column":5}},"line":198}},"branchMap":{"0":{"loc":{"start":{"line":17,"column":13},"end":{"line":17,"column":40}},"type":"cond-expr","locations":[{"start":{"line":17,"column":19},"end":{"line":17,"column":33}},{"start":{"line":17,"column":36},"end":{"line":17,"column":40}}],"line":17},"1":{"loc":{"start":{"line":54,"column":13},"end":{"line":56,"column":14}},"type":"cond-expr","locations":[{"start":{"line":55,"column":10},"end":{"line":55,"column":71}},{"start":{"line":56,"column":10},"end":{"line":56,"column":14}}],"line":54},"2":{"loc":{"start":{"line":76,"column":18},"end":{"line":78,"column":10}},"type":"cond-expr","locations":[{"start":{"line":77,"column":8},"end":{"line":77,"column":70}},{"start":{"line":78,"column":8},"end":{"line":78,"column":10}}],"line":76},"3":{"loc":{"start":{"line":90,"column":4},"end":{"line":96,"column":5}},"type":"if","locations":[{"start":{"line":90,"column":4},"end":{"line":96,"column":5}},{"start":{"line":90,"column":4},"end":{"line":96,"column":5}}],"line":90},"4":{"loc":{"start":{"line":109,"column":4},"end":{"line":109,"column":51}},"type":"default-arg","locations":[{"start":{"line":109,"column":30},"end":{"line":109,"column":51}}],"line":109},"5":{"loc":{"start":{"line":111,"column":4},"end":{"line":117,"column":5}},"type":"if","locations":[{"start":{"line":111,"column":4},"end":{"line":117,"column":5}},{"start":{"line":111,"column":4},"end":{"line":117,"column":5}}],"line":111},"6":{"loc":{"start":{"line":128,"column":4},"end":{"line":134,"column":5}},"type":"if","locations":[{"start":{"line":128,"column":4},"end":{"line":134,"column":5}},{"start":{"line":128,"column":4},"end":{"line":134,"column":5}}],"line":128},"7":{"loc":{"start":{"line":144,"column":34},"end":{"line":144,"column":87}},"type":"default-arg","locations":[{"start":{"line":144,"column":52},"end":{"line":144,"column":87}}],"line":144},"8":{"loc":{"start":{"line":167,"column":4},"end":{"line":174,"column":5}},"type":"if","locations":[{"start":{"line":167,"column":4},"end":{"line":174,"column":5}},{"start":{"line":167,"column":4},"end":{"line":174,"column":5}}],"line":167},"9":{"loc":{"start":{"line":169,"column":6},"end":{"line":172,"column":7}},"type":"if","locations":[{"start":{"line":169,"column":6},"end":{"line":172,"column":7}},{"start":{"line":169,"column":6},"end":{"line":172,"column":7}}],"line":169}},"s":{"0":12,"1":3,"2":3,"3":6,"4":6,"5":3,"6":5,"7":27,"8":27,"9":27,"10":27,"11":27,"12":27,"13":27,"14":27,"15":27,"16":27,"17":54,"18":54,"19":27,"20":27,"21":16,"22":16,"23":32,"24":16,"25":27,"26":22,"27":58,"28":22,"29":22,"30":22,"31":22,"32":22,"33":22,"34":22,"35":27,"36":9,"37":8,"38":8,"39":1,"40":27,"41":27,"42":26,"43":26,"44":1,"45":27,"46":11,"47":10,"48":10,"49":10,"50":10,"51":10,"52":27,"53":4,"54":8,"55":8,"56":8,"57":4,"58":4,"59":4,"60":27,"61":5,"62":4,"63":4,"64":2,"65":2,"66":4,"67":27,"68":2,"69":1,"70":1,"71":27,"72":2,"73":1,"74":1,"75":1},"f":{"0":12,"1":3,"2":6,"3":5,"4":27,"5":27,"6":54,"7":16,"8":32,"9":22,"10":58,"11":9,"12":27,"13":11,"14":4,"15":8,"16":5,"17":2,"18":1,"19":2,"20":1},"b":{"0":[2,4],"1":[24,8],"2":[15,7],"3":[8,1],"4":[3],"5":[26,1],"6":[10,1],"7":[4],"8":[4,1],"9":[2,2]},"_coverageSchema":"43e27e138ebf9cfc5966b082cf9a028302ed4184","hash":"17d1a2811b8289051730bff167c67f777914661f"}
,"/home/beast/source/repos/de-form/src/validation/validation.hook.ts": {"path":"/home/beast/source/repos/de-form/src/validation/validation.hook.ts","statementMap":{"0":{"start":{"line":43,"column":29},"end":{"line":243,"column":1}},"1":{"start":{"line":46,"column":33},"end":{"line":59,"column":3}},"2":{"start":{"line":47,"column":17},"end":{"line":47,"column":36}},"3":{"start":{"line":48,"column":19},"end":{"line":57,"column":5}},"4":{"start":{"line":50,"column":8},"end":{"line":53,"column":10}},"5":{"start":{"line":54,"column":8},"end":{"line":54,"column":20}},"6":{"start":{"line":58,"column":4},"end":{"line":58,"column":18}},"7":{"start":{"line":62,"column":32},"end":{"line":62,"column":55}},"8":{"start":{"line":63,"column":48},"end":{"line":65,"column":3}},"9":{"start":{"line":74,"column":27},"end":{"line":89,"column":3}},"10":{"start":{"line":75,"column":16},"end":{"line":75,"column":64}},"11":{"start":{"line":76,"column":25},"end":{"line":79,"column":5}},"12":{"start":{"line":77,"column":26},"end":{"line":77,"column":42}},"13":{"start":{"line":80,"column":29},"end":{"line":80,"column":84}},"14":{"start":{"line":81,"column":29},"end":{"line":81,"column":39}},"15":{"start":{"line":82,"column":26},"end":{"line":82,"column":46}},"16":{"start":{"line":83,"column":18},"end":{"line":85,"column":10}},"17":{"start":{"line":86,"column":41},"end":{"line":86,"column":43}},"18":{"start":{"line":87,"column":4},"end":{"line":87,"column":57}},"19":{"start":{"line":88,"column":4},"end":{"line":88,"column":23}},"20":{"start":{"line":97,"column":19},"end":{"line":104,"column":3}},"21":{"start":{"line":98,"column":4},"end":{"line":103,"column":5}},"22":{"start":{"line":99,"column":26},"end":{"line":99,"column":66}},"23":{"start":{"line":100,"column":22},"end":{"line":100,"column":60}},"24":{"start":{"line":101,"column":6},"end":{"line":101,"column":34}},"25":{"start":{"line":102,"column":6},"end":{"line":102,"column":53}},"26":{"start":{"line":112,"column":25},"end":{"line":120,"column":3}},"27":{"start":{"line":113,"column":4},"end":{"line":119,"column":5}},"28":{"start":{"line":114,"column":26},"end":{"line":114,"column":66}},"29":{"start":{"line":115,"column":6},"end":{"line":117,"column":7}},"30":{"start":{"line":116,"column":8},"end":{"line":116,"column":67}},"31":{"start":{"line":118,"column":6},"end":{"line":118,"column":53}},"32":{"start":{"line":127,"column":25},"end":{"line":131,"column":3}},"33":{"start":{"line":127,"column":40},"end":{"line":130,"column":5}},"34":{"start":{"line":128,"column":30},"end":{"line":128,"column":42}},"35":{"start":{"line":129,"column":6},"end":{"line":129,"column":46}},"36":{"start":{"line":140,"column":27},"end":{"line":146,"column":3}},"37":{"start":{"line":141,"column":4},"end":{"line":145,"column":5}},"38":{"start":{"line":142,"column":30},"end":{"line":142,"column":42}},"39":{"start":{"line":143,"column":6},"end":{"line":143,"column":52}},"40":{"start":{"line":144,"column":6},"end":{"line":144,"column":29}},"41":{"start":{"line":155,"column":22},"end":{"line":168,"column":3}},"42":{"start":{"line":159,"column":21},"end":{"line":163,"column":10}},"43":{"start":{"line":160,"column":16},"end":{"line":160,"column":88}},"44":{"start":{"line":161,"column":6},"end":{"line":161,"column":29}},"45":{"start":{"line":162,"column":6},"end":{"line":162,"column":17}},"46":{"start":{"line":164,"column":4},"end":{"line":164,"column":33}},"47":{"start":{"line":165,"column":19},"end":{"line":165,"column":37}},"48":{"start":{"line":166,"column":4},"end":{"line":166,"column":23}},"49":{"start":{"line":167,"column":4},"end":{"line":167,"column":18}},"50":{"start":{"line":175,"column":19},"end":{"line":187,"column":3}},"51":{"start":{"line":179,"column":4},"end":{"line":185,"column":5}},"52":{"start":{"line":180,"column":18},"end":{"line":183,"column":7}},"53":{"start":{"line":184,"column":6},"end":{"line":184,"column":44}},"54":{"start":{"line":186,"column":4},"end":{"line":186,"column":14}},"55":{"start":{"line":196,"column":24},"end":{"line":208,"column":3}},"56":{"start":{"line":200,"column":4},"end":{"line":206,"column":5}},"57":{"start":{"line":201,"column":18},"end":{"line":204,"column":7}},"58":{"start":{"line":205,"column":6},"end":{"line":205,"column":25}},"59":{"start":{"line":207,"column":4},"end":{"line":207,"column":16}},"60":{"start":{"line":211,"column":27},"end":{"line":211,"column":70}},"61":{"start":{"line":214,"column":19},"end":{"line":222,"column":3}},"62":{"start":{"line":215,"column":17},"end":{"line":215,"column":35}},"63":{"start":{"line":216,"column":18},"end":{"line":220,"column":12}},"64":{"start":{"line":217,"column":6},"end":{"line":219,"column":14}},"65":{"start":{"line":221,"column":4},"end":{"line":221,"column":17}},"66":{"start":{"line":225,"column":24},"end":{"line":225,"column":64}},"67":{"start":{"line":227,"column":2},"end":{"line":229,"column":39}},"68":{"start":{"line":228,"column":4},"end":{"line":228,"column":47}},"69":{"start":{"line":231,"column":2},"end":{"line":242,"column":4}}},"fnMap":{"0":{"name":"(anonymous_0)","decl":{"start":{"line":43,"column":29},"end":{"line":43,"column":30}},"loc":{"start":{"line":43,"column":75},"end":{"line":243,"column":1}},"line":43},"1":{"name":"(anonymous_1)","decl":{"start":{"line":46,"column":33},"end":{"line":46,"column":34}},"loc":{"start":{"line":46,"column":66},"end":{"line":59,"column":3}},"line":46},"2":{"name":"(anonymous_2)","decl":{"start":{"line":49,"column":6},"end":{"line":49,"column":7}},"loc":{"start":{"line":49,"column":35},"end":{"line":55,"column":7}},"line":49},"3":{"name":"(anonymous_3)","decl":{"start":{"line":74,"column":27},"end":{"line":74,"column":28}},"loc":{"start":{"line":74,"column":72},"end":{"line":89,"column":3}},"line":74},"4":{"name":"(anonymous_4)","decl":{"start":{"line":77,"column":6},"end":{"line":77,"column":7}},"loc":{"start":{"line":77,"column":26},"end":{"line":77,"column":42}},"line":77},"5":{"name":"(anonymous_5)","decl":{"start":{"line":97,"column":19},"end":{"line":97,"column":20}},"loc":{"start":{"line":97,"column":68},"end":{"line":104,"column":3}},"line":97},"6":{"name":"(anonymous_6)","decl":{"start":{"line":112,"column":25},"end":{"line":112,"column":26}},"loc":{"start":{"line":112,"column":74},"end":{"line":120,"column":3}},"line":112},"7":{"name":"(anonymous_7)","decl":{"start":{"line":127,"column":25},"end":{"line":127,"column":26}},"loc":{"start":{"line":127,"column":40},"end":{"line":130,"column":5}},"line":127},"8":{"name":"(anonymous_8)","decl":{"start":{"line":127,"column":40},"end":{"line":127,"column":41}},"loc":{"start":{"line":127,"column":82},"end":{"line":130,"column":5}},"line":127},"9":{"name":"(anonymous_9)","decl":{"start":{"line":140,"column":27},"end":{"line":140,"column":28}},"loc":{"start":{"line":141,"column":4},"end":{"line":145,"column":5}},"line":141},"10":{"name":"(anonymous_10)","decl":{"start":{"line":141,"column":4},"end":{"line":141,"column":5}},"loc":{"start":{"line":141,"column":46},"end":{"line":145,"column":5}},"line":141},"11":{"name":"(anonymous_11)","decl":{"start":{"line":155,"column":22},"end":{"line":155,"column":23}},"loc":{"start":{"line":158,"column":7},"end":{"line":168,"column":3}},"line":158},"12":{"name":"(anonymous_12)","decl":{"start":{"line":159,"column":34},"end":{"line":159,"column":35}},"loc":{"start":{"line":159,"column":53},"end":{"line":163,"column":5}},"line":159},"13":{"name":"(anonymous_13)","decl":{"start":{"line":175,"column":19},"end":{"line":175,"column":20}},"loc":{"start":{"line":178,"column":7},"end":{"line":187,"column":3}},"line":178},"14":{"name":"(anonymous_14)","decl":{"start":{"line":196,"column":24},"end":{"line":196,"column":25}},"loc":{"start":{"line":199,"column":7},"end":{"line":208,"column":3}},"line":199},"15":{"name":"(anonymous_15)","decl":{"start":{"line":214,"column":19},"end":{"line":214,"column":20}},"loc":{"start":{"line":214,"column":47},"end":{"line":222,"column":3}},"line":214},"16":{"name":"(anonymous_16)","decl":{"start":{"line":216,"column":30},"end":{"line":216,"column":31}},"loc":{"start":{"line":216,"column":66},"end":{"line":220,"column":5}},"line":216},"17":{"name":"(anonymous_17)","decl":{"start":{"line":227,"column":12},"end":{"line":227,"column":13}},"loc":{"start":{"line":227,"column":18},"end":{"line":229,"column":3}},"line":227}},"branchMap":{"0":{"loc":{"start":{"line":75,"column":16},"end":{"line":75,"column":64}},"type":"cond-expr","locations":[{"start":{"line":75,"column":44},"end":{"line":75,"column":56}},{"start":{"line":75,"column":59},"end":{"line":75,"column":64}}],"line":75},"1":{"loc":{"start":{"line":83,"column":18},"end":{"line":85,"column":10}},"type":"cond-expr","locations":[{"start":{"line":84,"column":8},"end":{"line":84,"column":64}},{"start":{"line":85,"column":8},"end":{"line":85,"column":10}}],"line":83},"2":{"loc":{"start":{"line":98,"column":4},"end":{"line":103,"column":5}},"type":"if","locations":[{"start":{"line":98,"column":4},"end":{"line":103,"column":5}},{"start":{"line":98,"column":4},"end":{"line":103,"column":5}}],"line":98},"3":{"loc":{"start":{"line":113,"column":4},"end":{"line":119,"column":5}},"type":"if","locations":[{"start":{"line":113,"column":4},"end":{"line":119,"column":5}},{"start":{"line":113,"column":4},"end":{"line":119,"column":5}}],"line":113},"4":{"loc":{"start":{"line":115,"column":6},"end":{"line":117,"column":7}},"type":"if","locations":[{"start":{"line":115,"column":6},"end":{"line":117,"column":7}},{"start":{"line":115,"column":6},"end":{"line":117,"column":7}}],"line":115},"5":{"loc":{"start":{"line":157,"column":4},"end":{"line":157,"column":51}},"type":"default-arg","locations":[{"start":{"line":157,"column":22},"end":{"line":157,"column":51}}],"line":157},"6":{"loc":{"start":{"line":177,"column":4},"end":{"line":177,"column":45}},"type":"default-arg","locations":[{"start":{"line":177,"column":30},"end":{"line":177,"column":45}}],"line":177},"7":{"loc":{"start":{"line":179,"column":4},"end":{"line":185,"column":5}},"type":"if","locations":[{"start":{"line":179,"column":4},"end":{"line":185,"column":5}},{"start":{"line":179,"column":4},"end":{"line":185,"column":5}}],"line":179},"8":{"loc":{"start":{"line":184,"column":13},"end":{"line":184,"column":43}},"type":"cond-expr","locations":[{"start":{"line":184,"column":27},"end":{"line":184,"column":38}},{"start":{"line":184,"column":41},"end":{"line":184,"column":43}}],"line":184},"9":{"loc":{"start":{"line":198,"column":4},"end":{"line":198,"column":45}},"type":"default-arg","locations":[{"start":{"line":198,"column":30},"end":{"line":198,"column":45}}],"line":198},"10":{"loc":{"start":{"line":200,"column":4},"end":{"line":206,"column":5}},"type":"if","locations":[{"start":{"line":200,"column":4},"end":{"line":206,"column":5}},{"start":{"line":200,"column":4},"end":{"line":206,"column":5}}],"line":200},"11":{"loc":{"start":{"line":217,"column":13},"end":{"line":219,"column":14}},"type":"cond-expr","locations":[{"start":{"line":218,"column":10},"end":{"line":218,"column":39}},{"start":{"line":219,"column":10},"end":{"line":219,"column":14}}],"line":217}},"s":{"0":1,"1":53,"2":53,"3":53,"4":106,"5":106,"6":53,"7":53,"8":53,"9":53,"10":20,"11":20,"12":54,"13":20,"14":20,"15":20,"16":20,"17":20,"18":20,"19":20,"20":53,"21":11,"22":10,"23":10,"24":10,"25":10,"26":53,"27":5,"28":4,"29":4,"30":2,"31":4,"32":53,"33":2,"34":1,"35":1,"36":53,"37":2,"38":1,"39":1,"40":1,"41":53,"42":3,"43":6,"44":6,"45":6,"46":3,"47":3,"48":3,"49":3,"50":53,"51":109,"52":108,"53":108,"54":1,"55":53,"56":77,"57":76,"58":76,"59":1,"60":53,"61":53,"62":42,"63":42,"64":84,"65":42,"66":53,"67":53,"68":39,"69":53},"f":{"0":53,"1":53,"2":106,"3":20,"4":54,"5":11,"6":5,"7":2,"8":1,"9":2,"10":1,"11":3,"12":6,"13":109,"14":77,"15":42,"16":84,"17":39},"b":{"0":[17,3],"1":[13,7],"2":[10,1],"3":[4,1],"4":[2,2],"5":[3],"6":[3],"7":[108,1],"8":[1,107],"9":[3],"10":[76,1],"11":[74,10]},"_coverageSchema":"43e27e138ebf9cfc5966b082cf9a028302ed4184","hash":"012b45237f015dc5a807b98ac428216c5918ac08"}
,"/home/beast/source/repos/de-form/src/validation/withValidationComponent.tsx": {"path":"/home/beast/source/repos/de-form/src/validation/withValidationComponent.tsx","statementMap":{"0":{"start":{"line":13,"column":2},"end":{"line":38,"column":3}},"1":{"start":{"line":14,"column":45},"end":{"line":14,"column":50}},"2":{"start":{"line":16,"column":23},"end":{"line":20,"column":5}},"3":{"start":{"line":17,"column":6},"end":{"line":19,"column":29}},"4":{"start":{"line":22,"column":26},"end":{"line":28,"column":5}},"5":{"start":{"line":24,"column":20},"end":{"line":24,"column":62}},"6":{"start":{"line":30,"column":4},"end":{"line":37,"column":6}}},"fnMap":{"0":{"name":"InputWrapper","decl":{"start":{"line":12,"column":16},"end":{"line":12,"column":28}},"loc":{"start":{"line":12,"column":56},"end":{"line":39,"column":1}},"line":12},"1":{"name":"Wrapper","decl":{"start":{"line":13,"column":18},"end":{"line":13,"column":25}},"loc":{"start":{"line":13,"column":50},"end":{"line":38,"column":3}},"line":13},"2":{"name":"(anonymous_2)","decl":{"start":{"line":16,"column":23},"end":{"line":16,"column":24}},"loc":{"start":{"line":16,"column":39},"end":{"line":20,"column":5}},"line":16},"3":{"name":"(anonymous_3)","decl":{"start":{"line":24,"column":14},"end":{"line":24,"column":15}},"loc":{"start":{"line":24,"column":20},"end":{"line":24,"column":62}},"line":24}},"branchMap":{"0":{"loc":{"start":{"line":17,"column":13},"end":{"line":19,"column":29}},"type":"cond-expr","locations":[{"start":{"line":18,"column":10},"end":{"line":18,"column":20}},{"start":{"line":19,"column":10},"end":{"line":19,"column":29}}],"line":17}},"s":{"0":0,"1":0,"2":0,"3":0,"4":0,"5":0,"6":0},"f":{"0":0,"1":0,"2":0,"3":0},"b":{"0":[0,0]},"hash":"85842f3f9a653dc674b06b0049a6914aee5aafce"}
}
