TN:
SF:/home/beast/source/repos/de-form/src/App.tsx
FN:7,App
FNF:1
FNH:0
FNDA:0,App
DA:8,0
LF:1
LH:0
BRF:0
BRH:0
end_of_record
TN:
SF:/home/beast/source/repos/de-form/src/index.tsx
FNF:0
FNH:0
DA:7,0
DA:17,0
LF:2
LH:0
BRF:0
BRH:0
end_of_record
TN:
SF:/home/beast/source/repos/de-form/src/serviceWorker.ts
FN:28,register
FN:42,(anonymous_1)
FN:51,(anonymous_2)
FN:65,registerValidSW
FN:68,(anonymous_4)
FN:69,(anonymous_5)
FN:74,(anonymous_6)
FN:104,(anonymous_7)
FN:109,checkValidServiceWorker
FN:114,(anonymous_9)
FN:122,(anonymous_10)
FN:123,(anonymous_11)
FN:132,(anonymous_12)
FN:139,unregister
FN:142,(anonymous_14)
FN:145,(anonymous_15)
FNF:16
FNH:0
FNDA:0,register
FNDA:0,(anonymous_1)
FNDA:0,(anonymous_2)
FNDA:0,registerValidSW
FNDA:0,(anonymous_4)
FNDA:0,(anonymous_5)
FNDA:0,(anonymous_6)
FNDA:0,(anonymous_7)
FNDA:0,checkValidServiceWorker
FNDA:0,(anonymous_9)
FNDA:0,(anonymous_10)
FNDA:0,(anonymous_11)
FNDA:0,(anonymous_12)
FNDA:0,unregister
FNDA:0,(anonymous_14)
FNDA:0,(anonymous_15)
DA:13,0
DA:29,0
DA:31,0
DA:35,0
DA:39,0
DA:42,0
DA:43,0
DA:45,0
DA:47,0
DA:51,0
DA:52,0
DA:59,0
DA:66,0
DA:69,0
DA:70,0
DA:71,0
DA:72,0
DA:74,0
DA:75,0
DA:76,0
DA:80,0
DA:86,0
DA:87,0
DA:93,0
DA:96,0
DA:97,0
DA:105,0
DA:111,0
DA:116,0
DA:117,0
DA:122,0
DA:123,0
DA:124,0
DA:129,0
DA:133,0
DA:140,0
DA:141,0
DA:143,0
DA:146,0
LF:39
LH:0
BRDA:14,0,0,0
BRDA:14,0,1,0
BRDA:14,0,2,0
BRDA:29,1,0,0
BRDA:29,1,1,0
BRDA:29,2,0,0
BRDA:29,2,1,0
BRDA:35,3,0,0
BRDA:35,3,1,0
BRDA:45,4,0,0
BRDA:45,4,1,0
BRDA:71,5,0,0
BRDA:71,5,1,0
BRDA:75,6,0,0
BRDA:75,6,1,0
BRDA:76,7,0,0
BRDA:76,7,1,0
BRDA:86,8,0,0
BRDA:86,8,1,0
BRDA:86,9,0,0
BRDA:86,9,1,0
BRDA:96,10,0,0
BRDA:96,10,1,0
BRDA:96,11,0,0
BRDA:96,11,1,0
BRDA:117,12,0,0
BRDA:117,12,1,0
BRDA:118,13,0,0
BRDA:118,13,1,0
BRDA:118,13,2,0
BRDA:140,14,0,0
BRDA:140,14,1,0
BRF:32
BRH:0
end_of_record
TN:
SF:/home/beast/source/repos/de-form/src/examples/ClassExample/class.tsx
FN:11,(anonymous_0)
FN:24,(anonymous_1)
FN:33,(anonymous_2)
FN:39,(anonymous_3)
FN:46,(anonymous_4)
FN:59,(anonymous_5)
FNF:6
FNH:0
FNDA:0,(anonymous_0)
FNDA:0,(anonymous_1)
FNDA:0,(anonymous_2)
FNDA:0,(anonymous_3)
FNDA:0,(anonymous_4)
FNDA:0,(anonymous_5)
DA:12,0
DA:13,0
DA:17,0
DA:18,0
DA:19,0
DA:20,0
DA:22,0
DA:24,0
DA:25,0
DA:26,0
DA:27,0
DA:30,0
DA:31,0
DA:33,0
DA:34,0
DA:35,0
DA:36,0
DA:40,0
DA:47,0
DA:48,0
DA:60,0
DA:61,0
LF:22
LH:0
BRDA:53,0,0,0
BRDA:53,0,1,0
BRDA:66,1,0,0
BRDA:66,1,1,0
BRF:4
BRH:0
end_of_record
TN:
SF:/home/beast/source/repos/de-form/src/examples/ClassExample/classSchema.ts
FN:5,(anonymous_0)
FN:11,(anonymous_1)
FN:17,(anonymous_2)
FN:25,(anonymous_3)
FN:31,(anonymous_4)
FNF:5
FNH:0
FNDA:0,(anonymous_0)
FNDA:0,(anonymous_1)
FNDA:0,(anonymous_2)
FNDA:0,(anonymous_3)
FNDA:0,(anonymous_4)
DA:1,0
DA:6,0
DA:12,0
DA:18,0
DA:26,0
DA:32,0
LF:6
LH:0
BRF:0
BRH:0
end_of_record
TN:
SF:/home/beast/source/repos/de-form/src/examples/Example1/index.tsx
FN:5,(anonymous_0)
FN:14,(anonymous_1)
FN:23,(anonymous_2)
FNF:3
FNH:0
FNDA:0,(anonymous_0)
FNDA:0,(anonymous_1)
FNDA:0,(anonymous_2)
DA:5,0
DA:7,0
DA:12,0
DA:14,0
DA:15,0
DA:16,0
DA:17,0
DA:20,0
DA:21,0
DA:23,0
DA:24,0
DA:25,0
DA:26,0
DA:29,0
LF:14
LH:0
BRDA:39,0,0,0
BRDA:39,0,1,0
BRDA:49,1,0,0
BRDA:49,1,1,0
BRF:4
BRH:0
end_of_record
TN:
SF:/home/beast/source/repos/de-form/src/examples/Example2/index.tsx
FN:5,(anonymous_0)
FN:14,(anonymous_1)
FN:19,(anonymous_2)
FN:27,(anonymous_3)
FN:32,(anonymous_4)
FNF:5
FNH:0
FNDA:0,(anonymous_0)
FNDA:0,(anonymous_1)
FNDA:0,(anonymous_2)
FNDA:0,(anonymous_3)
FNDA:0,(anonymous_4)
DA:5,0
DA:7,0
DA:12,0
DA:14,0
DA:15,0
DA:16,0
DA:19,0
DA:20,0
DA:21,0
DA:22,0
DA:23,0
DA:24,0
DA:27,0
DA:28,0
DA:29,0
DA:32,0
DA:33,0
DA:34,0
DA:35,0
DA:38,0
LF:20
LH:0
BRDA:16,0,0,0
BRDA:16,0,1,0
BRDA:48,1,0,0
BRDA:48,1,1,0
BRDA:58,2,0,0
BRDA:58,2,1,0
BRF:6
BRH:0
end_of_record
TN:
SF:/home/beast/source/repos/de-form/src/examples/Example3/DogForm.tsx
FN:11,(anonymous_0)
FN:24,(anonymous_1)
FNF:2
FNH:0
FNDA:0,(anonymous_0)
FNDA:0,(anonymous_1)
DA:11,0
DA:13,0
DA:19,0
DA:21,0
DA:22,0
DA:24,0
DA:25,0
DA:28,0
LF:8
LH:0
BRDA:25,0,0,0
BRDA:25,0,1,0
BRDA:38,1,0,0
BRDA:38,1,1,0
BRDA:48,2,0,0
BRDA:48,2,1,0
BRF:6
BRH:0
end_of_record
TN:
SF:/home/beast/source/repos/de-form/src/examples/Example3/index.tsx
FN:7,(anonymous_0)
FN:19,(anonymous_1)
FN:27,(anonymous_2)
FN:27,(anonymous_3)
FN:34,(anonymous_4)
FN:63,(anonymous_5)
FNF:6
FNH:0
FNDA:0,(anonymous_0)
FNDA:0,(anonymous_1)
FNDA:0,(anonymous_2)
FNDA:0,(anonymous_3)
FNDA:0,(anonymous_4)
FNDA:0,(anonymous_5)
DA:7,0
DA:9,0
DA:10,0
DA:17,0
DA:19,0
DA:20,0
DA:21,0
DA:22,0
DA:24,0
DA:25,0
DA:27,0
DA:28,0
DA:29,0
DA:30,0
DA:31,0
DA:34,0
DA:35,0
DA:36,0
DA:37,0
DA:38,0
DA:41,0
DA:64,0
LF:22
LH:0
BRDA:51,0,0,0
BRDA:51,0,1,0
BRDA:61,1,0,0
BRDA:61,1,1,0
BRF:4
BRH:0
end_of_record
TN:
SF:/home/beast/source/repos/de-form/src/examples/types/index.tsx
FN:12,(anonymous_0)
FNF:1
FNH:0
FNDA:0,(anonymous_0)
DA:12,0
DA:13,0
LF:2
LH:0
BRF:0
BRH:0
end_of_record
TN:
SF:/home/beast/source/repos/de-form/src/examples/validationSchemas/Dog.validation.ts
FN:4,(anonymous_0)
FN:9,(anonymous_1)
FN:13,(anonymous_2)
FN:19,(anonymous_3)
FN:27,(anonymous_4)
FNF:5
FNH:0
FNDA:0,(anonymous_0)
FNDA:0,(anonymous_1)
FNDA:0,(anonymous_2)
FNDA:0,(anonymous_3)
FNDA:0,(anonymous_4)
DA:4,0
DA:5,0
DA:9,0
DA:13,0
DA:20,0
DA:27,0
LF:6
LH:0
BRDA:20,0,0,0
BRDA:20,0,1,0
BRF:2
BRH:0
end_of_record
TN:
SF:/home/beast/source/repos/de-form/src/examples/validationSchemas/Person.validation.ts
FN:5,(anonymous_0)
FN:11,(anonymous_1)
FN:17,(anonymous_2)
FN:23,(anonymous_3)
FN:27,(anonymous_4)
FN:33,(anonymous_5)
FN:34,(anonymous_6)
FNF:7
FNH:0
FNDA:0,(anonymous_0)
FNDA:0,(anonymous_1)
FNDA:0,(anonymous_2)
FNDA:0,(anonymous_3)
FNDA:0,(anonymous_4)
FNDA:0,(anonymous_5)
FNDA:0,(anonymous_6)
DA:5,0
DA:6,0
DA:7,0
DA:12,0
DA:17,0
DA:23,0
DA:27,0
DA:34,0
LF:8
LH:0
BRF:0
BRH:0
end_of_record
TN:
SF:/home/beast/source/repos/de-form/src/examples/wrappers/Input.component.tsx
FN:15,Input
FN:19,(anonymous_1)
FN:29,(anonymous_2)
FNF:3
FNH:0
FNDA:0,Input
FNDA:0,(anonymous_1)
FNDA:0,(anonymous_2)
DA:16,0
DA:18,0
DA:19,0
DA:20,0
DA:25,0
DA:29,0
DA:36,0
DA:46,0
DA:54,0
LF:9
LH:0
BRDA:18,0,0,0
BRDA:18,0,1,0
BRDA:20,1,0,0
BRDA:20,1,1,0
BRF:4
BRH:0
end_of_record
TN:
SF:/home/beast/source/repos/de-form/src/util/utilities.ts
FN:6,(anonymous_0)
FN:11,(anonymous_1)
FN:11,(anonymous_2)
FN:12,(anonymous_3)
FN:20,(anonymous_4)
FN:24,(anonymous_5)
FN:25,(anonymous_6)
FN:35,curry
FN:38,$curry
FN:50,(anonymous_9)
FN:55,(anonymous_10)
FN:60,(anonymous_11)
FN:65,(anonymous_12)
FN:70,(anonymous_13)
FN:72,(anonymous_14)
FNF:15
FNH:9
FNDA:0,(anonymous_0)
FNDA:260,(anonymous_1)
FNDA:331,(anonymous_2)
FNDA:662,(anonymous_3)
FNDA:0,(anonymous_4)
FNDA:0,(anonymous_5)
FNDA:0,(anonymous_6)
FNDA:6,curry
FNDA:1167,$curry
FNDA:0,(anonymous_9)
FNDA:0,(anonymous_10)
FNDA:95,(anonymous_11)
FNDA:42,(anonymous_12)
FNDA:550,(anonymous_13)
FNDA:112,(anonymous_14)
DA:6,2
DA:11,260
DA:12,662
DA:20,2
DA:21,0
DA:24,2
DA:25,0
DA:26,0
DA:36,6
DA:38,6
DA:39,1167
DA:40,480
DA:43,687
DA:50,2
DA:55,2
DA:60,95
DA:65,42
DA:70,550
DA:72,2
DA:73,112
DA:78,2
LF:21
LH:18
BRDA:26,0,0,0
BRDA:26,0,1,0
BRDA:39,1,0,480
BRDA:39,1,1,687
BRDA:70,2,0,391
BRDA:70,2,1,159
BRDA:73,3,0,84
BRDA:73,3,1,28
BRF:8
BRH:6
end_of_record
TN:
SF:/home/beast/source/repos/de-form/src/validation/index.tsx
FN:9,(anonymous_0)
FN:13,(anonymous_1)
FN:15,(anonymous_2)
FN:22,(anonymous_3)
FN:26,(anonymous_4)
FN:36,(anonymous_5)
FN:39,(anonymous_6)
FN:51,(anonymous_7)
FN:53,(anonymous_8)
FN:68,(anonymous_9)
FN:70,(anonymous_10)
FN:89,(anonymous_11)
FN:107,(anonymous_12)
FN:127,(anonymous_13)
FN:144,(anonymous_14)
FN:145,(anonymous_15)
FN:166,(anonymous_16)
FN:183,(anonymous_17)
FN:184,(anonymous_18)
FN:197,(anonymous_19)
FN:198,(anonymous_20)
FNF:21
FNH:21
FNDA:12,(anonymous_0)
FNDA:3,(anonymous_1)
FNDA:6,(anonymous_2)
FNDA:5,(anonymous_3)
FNDA:27,(anonymous_4)
FNDA:27,(anonymous_5)
FNDA:54,(anonymous_6)
FNDA:16,(anonymous_7)
FNDA:32,(anonymous_8)
FNDA:22,(anonymous_9)
FNDA:58,(anonymous_10)
FNDA:9,(anonymous_11)
FNDA:27,(anonymous_12)
FNDA:11,(anonymous_13)
FNDA:4,(anonymous_14)
FNDA:8,(anonymous_15)
FNDA:5,(anonymous_16)
FNDA:2,(anonymous_17)
FNDA:1,(anonymous_18)
FNDA:2,(anonymous_19)
FNDA:1,(anonymous_20)
DA:10,12
DA:14,3
DA:15,3
DA:16,6
DA:17,6
DA:19,3
DA:23,5
DA:27,27
DA:28,27
DA:29,27
DA:30,27
DA:31,27
DA:32,27
DA:33,27
DA:36,27
DA:37,27
DA:38,27
DA:40,54
DA:44,54
DA:48,27
DA:51,27
DA:52,16
DA:53,16
DA:54,32
DA:58,16
DA:68,27
DA:69,22
DA:70,58
DA:73,22
DA:74,22
DA:75,22
DA:76,22
DA:79,22
DA:80,22
DA:81,22
DA:89,27
DA:90,9
DA:91,8
DA:95,8
DA:97,1
DA:107,27
DA:111,27
DA:112,26
DA:116,26
DA:118,1
DA:127,27
DA:128,11
DA:129,10
DA:130,10
DA:131,10
DA:132,10
DA:133,10
DA:144,27
DA:145,4
DA:146,8
DA:151,8
DA:152,8
DA:154,4
DA:155,4
DA:156,4
DA:166,27
DA:167,5
DA:168,4
DA:169,4
DA:170,2
DA:171,2
DA:173,4
DA:183,27
DA:184,2
DA:185,1
DA:186,1
DA:197,27
DA:198,2
DA:199,1
DA:200,1
DA:201,1
LF:76
LH:76
BRDA:17,0,0,2
BRDA:17,0,1,4
BRDA:54,1,0,24
BRDA:54,1,1,8
BRDA:76,2,0,15
BRDA:76,2,1,7
BRDA:90,3,0,8
BRDA:90,3,1,1
BRDA:109,4,0,3
BRDA:111,5,0,26
BRDA:111,5,1,1
BRDA:128,6,0,10
BRDA:128,6,1,1
BRDA:144,7,0,4
BRDA:167,8,0,4
BRDA:167,8,1,1
BRDA:169,9,0,2
BRDA:169,9,1,2
BRF:18
BRH:18
end_of_record
TN:
SF:/home/beast/source/repos/de-form/src/validation/validation.hook.ts
FN:43,(anonymous_0)
FN:46,(anonymous_1)
FN:49,(anonymous_2)
FN:74,(anonymous_3)
FN:77,(anonymous_4)
FN:97,(anonymous_5)
FN:112,(anonymous_6)
FN:127,(anonymous_7)
FN:127,(anonymous_8)
FN:140,(anonymous_9)
FN:141,(anonymous_10)
FN:155,(anonymous_11)
FN:159,(anonymous_12)
FN:175,(anonymous_13)
FN:196,(anonymous_14)
FN:214,(anonymous_15)
FN:216,(anonymous_16)
FN:227,(anonymous_17)
FNF:18
FNH:18
FNDA:53,(anonymous_0)
FNDA:53,(anonymous_1)
FNDA:106,(anonymous_2)
FNDA:20,(anonymous_3)
FNDA:54,(anonymous_4)
FNDA:11,(anonymous_5)
FNDA:5,(anonymous_6)
FNDA:2,(anonymous_7)
FNDA:1,(anonymous_8)
FNDA:2,(anonymous_9)
FNDA:1,(anonymous_10)
FNDA:3,(anonymous_11)
FNDA:6,(anonymous_12)
FNDA:109,(anonymous_13)
FNDA:77,(anonymous_14)
FNDA:42,(anonymous_15)
FNDA:84,(anonymous_16)
FNDA:39,(anonymous_17)
DA:43,1
DA:46,53
DA:47,53
DA:48,53
DA:50,106
DA:54,106
DA:58,53
DA:62,53
DA:63,53
DA:74,53
DA:75,20
DA:76,20
DA:77,54
DA:80,20
DA:81,20
DA:82,20
DA:83,20
DA:86,20
DA:87,20
DA:88,20
DA:97,53
DA:98,11
DA:99,10
DA:100,10
DA:101,10
DA:102,10
DA:112,53
DA:113,5
DA:114,4
DA:115,4
DA:116,2
DA:118,4
DA:127,53
DA:128,1
DA:129,1
DA:140,53
DA:141,2
DA:142,1
DA:143,1
DA:144,1
DA:155,53
DA:159,3
DA:160,6
DA:161,6
DA:162,6
DA:164,3
DA:165,3
DA:166,3
DA:167,3
DA:175,53
DA:179,109
DA:180,108
DA:184,108
DA:186,1
DA:196,53
DA:200,77
DA:201,76
DA:205,76
DA:207,1
DA:211,53
DA:214,53
DA:215,42
DA:216,42
DA:217,84
DA:221,42
DA:225,53
DA:227,53
DA:228,39
DA:231,53
LF:69
LH:69
BRDA:75,0,0,17
BRDA:75,0,1,3
BRDA:83,1,0,13
BRDA:83,1,1,7
BRDA:98,2,0,10
BRDA:98,2,1,1
BRDA:113,3,0,4
BRDA:113,3,1,1
BRDA:115,4,0,2
BRDA:115,4,1,2
BRDA:157,5,0,3
BRDA:177,6,0,3
BRDA:179,7,0,108
BRDA:179,7,1,1
BRDA:184,8,0,1
BRDA:184,8,1,107
BRDA:198,9,0,3
BRDA:200,10,0,76
BRDA:200,10,1,1
BRDA:217,11,0,74
BRDA:217,11,1,10
BRF:21
BRH:21
end_of_record
TN:
SF:/home/beast/source/repos/de-form/src/validation/withValidationComponent.tsx
FN:12,InputWrapper
FN:13,Wrapper
FN:16,(anonymous_2)
FN:24,(anonymous_3)
FNF:4
FNH:0
FNDA:0,InputWrapper
FNDA:0,Wrapper
FNDA:0,(anonymous_2)
FNDA:0,(anonymous_3)
DA:13,0
DA:14,0
DA:16,0
DA:17,0
DA:22,0
DA:24,0
DA:30,0
LF:7
LH:0
BRDA:17,0,0,0
BRDA:17,0,1,0
BRF:2
BRH:0
end_of_record
